0 info it worked if it ends with ok
1 verbose cli [ '/usr/local/Cellar/node/5.1.0/bin/node',
1 verbose cli   '/usr/local/bin/npm',
1 verbose cli   'install',
1 verbose cli   '--save',
1 verbose cli   'mongoose' ]
2 info using npm@3.3.12
3 info using node@v5.1.0
4 silly loadCurrentTree Starting
5 silly install loadCurrentTree
6 silly install readLocalPackageData
7 silly fetchPackageMetaData mongoose@^4.2.6
8 silly fetchNamedPackageData mongoose
9 silly mapToRegistry name mongoose
10 silly mapToRegistry using default registry
11 silly mapToRegistry registry https://registry.npmjs.org/
12 silly mapToRegistry uri https://registry.npmjs.org/mongoose
13 verbose request uri https://registry.npmjs.org/mongoose
14 verbose request no auth needed
15 info attempt registry request try #1 at 2:34:10 PM
16 verbose request id 66a3670ea177d2c4
17 verbose etag "4DAGCA34FT57STAHH14M594CT"
18 http request GET https://registry.npmjs.org/mongoose
19 http 304 https://registry.npmjs.org/mongoose
20 verbose headers { date: 'Fri, 27 Nov 2015 19:34:12 GMT',
20 verbose headers   via: '1.1 varnish',
20 verbose headers   'cache-control': 'max-age=60',
20 verbose headers   etag: '"4DAGCA34FT57STAHH14M594CT"',
20 verbose headers   age: '0',
20 verbose headers   connection: 'keep-alive',
20 verbose headers   'x-served-by': 'cache-iad2145-IAD',
20 verbose headers   'x-cache': 'HIT',
20 verbose headers   'x-cache-hits': '1',
20 verbose headers   'x-timer': 'S1448652852.028709,VS0,VE15',
20 verbose headers   vary: 'Accept' }
21 silly get cb [ 304,
21 silly get   { date: 'Fri, 27 Nov 2015 19:34:12 GMT',
21 silly get     via: '1.1 varnish',
21 silly get     'cache-control': 'max-age=60',
21 silly get     etag: '"4DAGCA34FT57STAHH14M594CT"',
21 silly get     age: '0',
21 silly get     connection: 'keep-alive',
21 silly get     'x-served-by': 'cache-iad2145-IAD',
21 silly get     'x-cache': 'HIT',
21 silly get     'x-cache-hits': '1',
21 silly get     'x-timer': 'S1448652852.028709,VS0,VE15',
21 silly get     vary: 'Accept' } ]
22 verbose etag https://registry.npmjs.org/mongoose from cache
23 verbose get saving mongoose to /Users/Thomas/.npm/registry.npmjs.org/mongoose/.cache.json
24 silly install normalizeTree
25 silly loadCurrentTree Finishing
26 silly loadIdealTree Starting
27 silly install loadIdealTree
28 silly cloneCurrentTree Starting
29 silly install cloneCurrentTreeToIdealTree
30 silly cloneCurrentTree Finishing
31 silly loadShrinkwrap Starting
32 silly install loadShrinkwrap
33 silly loadShrinkwrap Finishing
34 silly loadAllDepsIntoIdealTree Starting
35 silly install loadAllDepsIntoIdealTree
36 silly resolveWithNewModule mongoose@4.2.8 checking installable status
37 silly cache add args [ 'mongoose@^4.2.6', null ]
38 verbose cache add spec mongoose@^4.2.6
39 silly cache add parsed spec Result {
39 silly cache add   raw: 'mongoose@^4.2.6',
39 silly cache add   scope: null,
39 silly cache add   name: 'mongoose',
39 silly cache add   rawSpec: '^4.2.6',
39 silly cache add   spec: '>=4.2.6 <5.0.0',
39 silly cache add   type: 'range' }
40 silly addNamed mongoose@>=4.2.6 <5.0.0
41 verbose addNamed ">=4.2.6 <5.0.0" is a valid semver range for mongoose
42 silly addNameRange { name: 'mongoose', range: '>=4.2.6 <5.0.0', hasData: false }
43 silly mapToRegistry name mongoose
44 silly mapToRegistry using default registry
45 silly mapToRegistry registry https://registry.npmjs.org/
46 silly mapToRegistry uri https://registry.npmjs.org/mongoose
47 verbose addNameRange registry:https://registry.npmjs.org/mongoose not in flight; fetching
48 verbose get https://registry.npmjs.org/mongoose not expired, no request
49 silly addNameRange number 2 { name: 'mongoose', range: '>=4.2.6 <5.0.0', hasData: true }
50 silly addNameRange versions [ 'mongoose',
50 silly addNameRange   [ '0.0.1',
50 silly addNameRange     '0.0.2',
50 silly addNameRange     '0.0.3',
50 silly addNameRange     '0.0.4',
50 silly addNameRange     '0.0.5',
50 silly addNameRange     '1.0.0',
50 silly addNameRange     '1.0.1',
50 silly addNameRange     '1.0.2',
50 silly addNameRange     '0.0.6',
50 silly addNameRange     '1.0.3',
50 silly addNameRange     '1.0.4',
50 silly addNameRange     '1.0.5',
50 silly addNameRange     '1.0.6',
50 silly addNameRange     '1.0.7',
50 silly addNameRange     '1.0.8',
50 silly addNameRange     '1.0.10',
50 silly addNameRange     '1.0.11',
50 silly addNameRange     '1.0.12',
50 silly addNameRange     '1.0.13',
50 silly addNameRange     '1.0.14',
50 silly addNameRange     '1.0.15',
50 silly addNameRange     '1.0.16',
50 silly addNameRange     '1.1.0',
50 silly addNameRange     '1.1.1',
50 silly addNameRange     '1.1.2',
50 silly addNameRange     '1.1.3',
50 silly addNameRange     '1.1.4',
50 silly addNameRange     '1.1.5',
50 silly addNameRange     '1.1.6',
50 silly addNameRange     '1.1.7',
50 silly addNameRange     '1.1.8',
50 silly addNameRange     '1.1.9',
50 silly addNameRange     '1.1.10',
50 silly addNameRange     '1.1.11',
50 silly addNameRange     '1.1.12',
50 silly addNameRange     '1.1.13',
50 silly addNameRange     '1.1.14',
50 silly addNameRange     '1.1.15',
50 silly addNameRange     '1.1.16',
50 silly addNameRange     '1.1.17',
50 silly addNameRange     '1.1.18',
50 silly addNameRange     '1.1.19',
50 silly addNameRange     '1.1.20',
50 silly addNameRange     '1.1.21',
50 silly addNameRange     '1.1.22',
50 silly addNameRange     '1.1.23',
50 silly addNameRange     '1.1.24',
50 silly addNameRange     '1.1.25',
50 silly addNameRange     '1.2.0',
50 silly addNameRange     '1.3.0',
50 silly addNameRange     '1.3.1',
50 silly addNameRange     '1.3.2',
50 silly addNameRange     '1.3.3',
50 silly addNameRange     '1.3.4',
50 silly addNameRange     '1.3.5',
50 silly addNameRange     '1.3.6',
50 silly addNameRange     '1.3.7',
50 silly addNameRange     '1.4.0',
50 silly addNameRange     '1.5.0',
50 silly addNameRange     '1.6.0',
50 silly addNameRange     '1.7.2',
50 silly addNameRange     '1.7.3',
50 silly addNameRange     '1.7.4',
50 silly addNameRange     '1.8.0',
50 silly addNameRange     '1.8.1',
50 silly addNameRange     '1.8.2',
50 silly addNameRange     '1.8.3',
50 silly addNameRange     '1.8.4',
50 silly addNameRange     '2.0.0',
50 silly addNameRange     '2.0.1',
50 silly addNameRange     '2.0.2',
50 silly addNameRange     '2.0.3',
50 silly addNameRange     '2.0.4',
50 silly addNameRange     '2.1.0',
50 silly addNameRange     '2.1.1',
50 silly addNameRange     '2.1.2',
50 silly addNameRange     '2.1.3',
50 silly addNameRange     '2.1.4',
50 silly addNameRange     '2.2.0',
50 silly addNameRange     '2.2.1',
50 silly addNameRange     '2.2.2',
50 silly addNameRange     '2.2.3',
50 silly addNameRange     '2.2.4',
50 silly addNameRange     '2.3.0',
50 silly addNameRange     '2.3.1',
50 silly addNameRange     '2.3.2',
50 silly addNameRange     '2.3.3',
50 silly addNameRange     '2.3.4',
50 silly addNameRange     '2.3.5',
50 silly addNameRange     '2.3.6',
50 silly addNameRange     '2.3.7',
50 silly addNameRange     '2.3.8',
50 silly addNameRange     '2.3.9',
50 silly addNameRange     '2.3.10',
50 silly addNameRange     '2.3.11',
50 silly addNameRange     '2.3.12',
50 silly addNameRange     '2.3.13',
50 silly addNameRange     '2.4.0',
50 silly addNameRange     '2.4.1',
50 silly addNameRange     '2.4.2',
50 silly addNameRange     '2.4.3',
50 silly addNameRange     '2.4.4',
50 silly addNameRange     '2.4.5',
50 silly addNameRange     '2.4.6',
50 silly addNameRange     '2.4.7',
50 silly addNameRange     '2.4.8',
50 silly addNameRange     '2.4.9',
50 silly addNameRange     '2.4.10',
50 silly addNameRange     '2.5.0',
50 silly addNameRange     '2.5.1',
50 silly addNameRange     '2.5.2',
50 silly addNameRange     '2.5.3',
50 silly addNameRange     '2.5.4',
50 silly addNameRange     '2.5.5',
50 silly addNameRange     '2.5.6',
50 silly addNameRange     '2.5.7',
50 silly addNameRange     '2.5.8',
50 silly addNameRange     '2.5.9',
50 silly addNameRange     '2.5.10',
50 silly addNameRange     '2.5.11',
50 silly addNameRange     '2.5.12',
50 silly addNameRange     '2.5.13',
50 silly addNameRange     '2.5.14',
50 silly addNameRange     '2.6.0',
50 silly addNameRange     '2.6.1',
50 silly addNameRange     '2.6.2',
50 silly addNameRange     '2.6.3',
50 silly addNameRange     '2.6.4',
50 silly addNameRange     '2.6.5',
50 silly addNameRange     '2.6.6',
50 silly addNameRange     '2.6.7',
50 silly addNameRange     '2.6.8',
50 silly addNameRange     '2.7.0',
50 silly addNameRange     '2.7.1',
50 silly addNameRange     '2.7.2',
50 silly addNameRange     '2.7.4',
50 silly addNameRange     '2.7.3',
50 silly addNameRange     '3.0.0',
50 silly addNameRange     '3.0.1',
50 silly addNameRange     '3.0.2',
50 silly addNameRange     '2.8.0',
50 silly addNameRange     '3.0.3',
50 silly addNameRange     '3.1.0',
50 silly addNameRange     '2.8.1',
50 silly addNameRange     '3.1.1',
50 silly addNameRange     '2.8.2',
50 silly addNameRange     '2.8.3',
50 silly addNameRange     '2.9.0',
50 silly addNameRange     '3.2.0',
50 silly addNameRange     '2.9.1',
50 silly addNameRange     '3.2.1',
50 silly addNameRange     '2.9.2',
50 silly addNameRange     '3.2.2',
50 silly addNameRange     '3.3.0',
50 silly addNameRange     '3.3.1',
50 silly addNameRange     '2.9.3',
50 silly addNameRange     '3.4.0',
50 silly addNameRange     '2.9.4',
50 silly addNameRange     '2.9.5',
50 silly addNameRange     '3.5.0',
50 silly addNameRange     '3.5.1',
50 silly addNameRange     '3.5.2',
50 silly addNameRange     '3.5.3',
50 silly addNameRange     '2.9.6',
50 silly addNameRange     '2.9.7',
50 silly addNameRange     '3.5.4',
50 silly addNameRange     '3.5.5',
50 silly addNameRange     '2.9.8',
50 silly addNameRange     '2.9.9',
50 silly addNameRange     '3.5.6',
50 silly addNameRange     '3.5.7',
50 silly addNameRange     '3.5.8',
50 silly addNameRange     '2.9.10',
50 silly addNameRange     '3.5.9',
50 silly addNameRange     '3.6.2',
50 silly addNameRange     '3.5.10',
50 silly addNameRange     '3.6.3',
50 silly addNameRange     '3.5.11',
50 silly addNameRange     '3.6.4',
50 silly addNameRange     '3.6.5',
50 silly addNameRange     '3.6.6',
50 silly addNameRange     '3.6.7',
50 silly addNameRange     '3.5.12',
50 silly addNameRange     '3.6.8',
50 silly addNameRange     '3.6.9',
50 silly addNameRange     '3.6.10',
50 silly addNameRange     '3.5.13',
50 silly addNameRange     '3.5.14',
50 silly addNameRange     '3.6.11',
50 silly addNameRange     '3.6.12',
50 silly addNameRange     '3.6.13',
50 silly addNameRange     '3.6.14',
50 silly addNameRange     '3.6.15',
50 silly addNameRange     '3.5.15',
50 silly addNameRange     '3.7.0',
50 silly addNameRange     '3.6.16',
50 silly addNameRange     '3.5.16',
50 silly addNameRange     '3.6.17',
50 silly addNameRange     '3.7.2',
50 silly addNameRange     '3.0.0-alpha1',
50 silly addNameRange     '3.0.0-alpha2',
50 silly addNameRange     '3.0.0-rc0',
50 silly addNameRange     '3.6.0-rc0',
50 silly addNameRange     '3.6.0-rc1',
50 silly addNameRange     '3.6.18',
50 silly addNameRange     '3.7.3',
50 silly addNameRange     '3.6.19',
50 silly addNameRange     '3.6.20',
50 silly addNameRange     '3.7.4',
50 silly addNameRange     '3.8.0',
50 silly addNameRange     '3.8.1',
50 silly addNameRange     '3.8.2',
50 silly addNameRange     '3.8.3',
50 silly addNameRange     '3.8.4',
50 silly addNameRange     '3.8.5',
50 silly addNameRange     '3.8.6',
50 silly addNameRange     '3.8.7',
50 silly addNameRange     '3.8.8',
50 silly addNameRange     '3.8.9',
50 silly addNameRange     '3.8.10',
50 silly addNameRange     '3.8.11',
50 silly addNameRange     '3.9.0',
50 silly addNameRange     '3.8.12',
50 silly addNameRange     '3.8.13',
50 silly addNameRange     '3.8.14',
50 silly addNameRange     '3.8.15',
50 silly addNameRange     '3.9.1',
50 silly addNameRange     '3.8.16',
50 silly addNameRange     '3.9.2',
50 silly addNameRange     '3.8.17',
50 silly addNameRange     '3.9.3',
50 silly addNameRange     '3.8.18',
50 silly addNameRange     '3.9.4',
50 silly addNameRange     '3.8.19',
50 silly addNameRange     '3.9.5',
50 silly addNameRange     '3.8.20',
50 silly addNameRange     '3.9.6',
50 silly addNameRange     '3.8.21',
50 silly addNameRange     '3.9.7',
50 silly addNameRange     '3.8.22',
50 silly addNameRange     '4.0.0-rc0',
50 silly addNameRange     '4.0.0-rc1',
50 silly addNameRange     '3.8.23',
50 silly addNameRange     '4.0.0-rc2',
50 silly addNameRange     '3.8.24',
50 silly addNameRange     '4.0.0-rc3',
50 silly addNameRange     '3.8.25',
50 silly addNameRange     '4.0.0-rc4',
50 silly addNameRange     '4.0.0',
50 silly addNameRange     '4.0.1',
50 silly addNameRange     '3.8.26',
50 silly addNameRange     '3.8.27',
50 silly addNameRange     '4.0.2',
50 silly addNameRange     '3.8.28',
50 silly addNameRange     '4.0.3',
50 silly addNameRange     '3.8.29',
50 silly addNameRange     '4.0.4',
50 silly addNameRange     '3.8.30',
50 silly addNameRange     '4.0.5',
50 silly addNameRange     '3.8.31',
50 silly addNameRange     '4.0.6',
50 silly addNameRange     '3.8.33',
50 silly addNameRange     '4.0.7',
50 silly addNameRange     '3.8.34',
50 silly addNameRange     '4.0.8',
50 silly addNameRange     '4.1.0',
50 silly addNameRange     '4.1.1',
50 silly addNameRange     '4.1.2',
50 silly addNameRange     '3.8.35',
50 silly addNameRange     '4.1.3',
50 silly addNameRange     '4.1.5',
50 silly addNameRange     '4.1.6',
50 silly addNameRange     '4.1.7',
50 silly addNameRange     '4.1.8',
50 silly addNameRange     '4.1.9',
50 silly addNameRange     '4.1.10',
50 silly addNameRange     '4.1.11',
50 silly addNameRange     '3.8.36',
50 silly addNameRange     '4.1.12',
50 silly addNameRange     '4.2.0',
50 silly addNameRange     '4.2.1',
50 silly addNameRange     '4.2.2',
50 silly addNameRange     '4.2.3',
50 silly addNameRange     '4.2.4',
50 silly addNameRange     '4.2.5',
50 silly addNameRange     '3.8.37',
50 silly addNameRange     '4.2.6',
50 silly addNameRange     '4.2.7',
50 silly addNameRange     '4.2.8' ] ]
51 silly addNamed mongoose@4.2.8
52 verbose addNamed "4.2.8" is a plain semver version for mongoose
53 silly cache afterAdd mongoose@4.2.8
54 verbose afterAdd /Users/Thomas/.npm/mongoose/4.2.8/package/package.json not in flight; writing
55 verbose afterAdd /Users/Thomas/.npm/mongoose/4.2.8/package/package.json written
56 silly fetchNamedPackageData async
57 silly mapToRegistry name async
58 silly mapToRegistry using default registry
59 silly mapToRegistry registry https://registry.npmjs.org/
60 silly mapToRegistry uri https://registry.npmjs.org/async
61 verbose request uri https://registry.npmjs.org/async
62 verbose request no auth needed
63 info attempt registry request try #1 at 2:34:11 PM
64 verbose etag "3NAM5138IN7MG0AQ24JAFAUES"
65 http request GET https://registry.npmjs.org/async
66 http 304 https://registry.npmjs.org/async
67 verbose headers { date: 'Fri, 27 Nov 2015 19:34:12 GMT',
67 verbose headers   via: '1.1 varnish',
67 verbose headers   'cache-control': 'max-age=60',
67 verbose headers   etag: '"3NAM5138IN7MG0AQ24JAFAUES"',
67 verbose headers   age: '37',
67 verbose headers   connection: 'keep-alive',
67 verbose headers   'x-served-by': 'cache-iad2129-IAD',
67 verbose headers   'x-cache': 'HIT',
67 verbose headers   'x-cache-hits': '2',
67 verbose headers   'x-timer': 'S1448652852.427142,VS0,VE0',
67 verbose headers   vary: 'Accept' }
68 silly get cb [ 304,
68 silly get   { date: 'Fri, 27 Nov 2015 19:34:12 GMT',
68 silly get     via: '1.1 varnish',
68 silly get     'cache-control': 'max-age=60',
68 silly get     etag: '"3NAM5138IN7MG0AQ24JAFAUES"',
68 silly get     age: '37',
68 silly get     connection: 'keep-alive',
68 silly get     'x-served-by': 'cache-iad2129-IAD',
68 silly get     'x-cache': 'HIT',
68 silly get     'x-cache-hits': '2',
68 silly get     'x-timer': 'S1448652852.427142,VS0,VE0',
68 silly get     vary: 'Accept' } ]
69 verbose etag https://registry.npmjs.org/async from cache
70 verbose get saving async to /Users/Thomas/.npm/registry.npmjs.org/async/.cache.json
71 silly resolveWithNewModule async@0.9.0 checking installable status
72 silly cache add args [ 'async@0.9.0', null ]
73 verbose cache add spec async@0.9.0
74 silly cache add parsed spec Result {
74 silly cache add   raw: 'async@0.9.0',
74 silly cache add   scope: null,
74 silly cache add   name: 'async',
74 silly cache add   rawSpec: '0.9.0',
74 silly cache add   spec: '0.9.0',
74 silly cache add   type: 'version' }
75 silly addNamed async@0.9.0
76 verbose addNamed "0.9.0" is a plain semver version for async
77 silly mapToRegistry name async
78 silly mapToRegistry using default registry
79 silly mapToRegistry registry https://registry.npmjs.org/
80 silly mapToRegistry uri https://registry.npmjs.org/async
81 verbose addNameVersion registry:https://registry.npmjs.org/async not in flight; fetching
82 verbose get https://registry.npmjs.org/async not expired, no request
83 silly cache afterAdd async@0.9.0
84 verbose afterAdd /Users/Thomas/.npm/async/0.9.0/package/package.json not in flight; writing
85 verbose afterAdd /Users/Thomas/.npm/async/0.9.0/package/package.json written
86 silly loadAllDepsIntoIdealTree Finishing
87 silly idealTree:prePrune jjtc@1.0.0
87 silly idealTree:prePrune ├── apparatus@0.0.9
87 silly idealTree:prePrune ├── async@1.5.0
87 silly idealTree:prePrune ├── bcrypt-nodejs@0.0.3
87 silly idealTree:prePrune ├─┬ bcrypt@0.8.5
87 silly idealTree:prePrune │ ├── bindings@1.2.1
87 silly idealTree:prePrune │ └── nan@2.0.5
87 silly idealTree:prePrune ├── bluebird@2.9.26
87 silly idealTree:prePrune ├─┬ body-parser@1.14.1
87 silly idealTree:prePrune │ ├── bytes@2.1.0
87 silly idealTree:prePrune │ ├── content-type@1.0.1
87 silly idealTree:prePrune │ ├─┬ debug@2.2.0
87 silly idealTree:prePrune │ │ └── ms@0.7.1
87 silly idealTree:prePrune │ ├── depd@1.1.0
87 silly idealTree:prePrune │ ├─┬ http-errors@1.3.1
87 silly idealTree:prePrune │ │ ├── inherits@2.0.1
87 silly idealTree:prePrune │ │ └── statuses@1.2.1
87 silly idealTree:prePrune │ ├── iconv-lite@0.4.12
87 silly idealTree:prePrune │ ├─┬ on-finished@2.3.0
87 silly idealTree:prePrune │ │ └── ee-first@1.1.1
87 silly idealTree:prePrune │ ├── qs@5.1.0
87 silly idealTree:prePrune │ ├─┬ raw-body@2.1.4
87 silly idealTree:prePrune │ │ └── unpipe@1.0.0
87 silly idealTree:prePrune │ └─┬ type-is@1.6.9
87 silly idealTree:prePrune │   ├── media-typer@0.3.0
87 silly idealTree:prePrune │   └─┬ mime-types@2.1.7
87 silly idealTree:prePrune │     └── mime-db@1.19.0
87 silly idealTree:prePrune ├── bson@0.4.19
87 silly idealTree:prePrune ├── connect-flash@0.1.1
87 silly idealTree:prePrune ├─┬ cookie-parser@1.4.0
87 silly idealTree:prePrune │ ├── cookie-signature@1.0.6
87 silly idealTree:prePrune │ └── cookie@0.2.2
87 silly idealTree:prePrune ├── core-util-is@1.0.2
87 silly idealTree:prePrune ├── debug@2.2.0
87 silly idealTree:prePrune ├── duplexer@0.1.1
87 silly idealTree:prePrune ├── ejs@2.3.4
87 silly idealTree:prePrune ├── es6-promise@2.1.1
87 silly idealTree:prePrune ├── event-stream@3.3.2
87 silly idealTree:prePrune ├─┬ express-session@1.12.1
87 silly idealTree:prePrune │ ├── cookie-signature@1.0.6
87 silly idealTree:prePrune │ ├── cookie@0.2.3
87 silly idealTree:prePrune │ ├── crc@3.3.0
87 silly idealTree:prePrune │ ├─┬ debug@2.2.0
87 silly idealTree:prePrune │ │ └── ms@0.7.1
87 silly idealTree:prePrune │ ├── depd@1.1.0
87 silly idealTree:prePrune │ ├── on-headers@1.0.1
87 silly idealTree:prePrune │ ├── parseurl@1.3.0
87 silly idealTree:prePrune │ ├─┬ uid-safe@2.0.0
87 silly idealTree:prePrune │ │ └── base64-url@1.2.1
87 silly idealTree:prePrune │ └── utils-merge@1.0.0
87 silly idealTree:prePrune ├─┬ express@4.13.3
87 silly idealTree:prePrune │ ├─┬ accepts@1.2.13
87 silly idealTree:prePrune │ │ ├─┬ mime-types@2.1.7
87 silly idealTree:prePrune │ │ │ └── mime-db@1.19.0
87 silly idealTree:prePrune │ │ └── negotiator@0.5.3
87 silly idealTree:prePrune │ ├── array-flatten@1.1.1
87 silly idealTree:prePrune │ ├── content-disposition@0.5.0
87 silly idealTree:prePrune │ ├── content-type@1.0.1
87 silly idealTree:prePrune │ ├── cookie-signature@1.0.6
87 silly idealTree:prePrune │ ├── cookie@0.1.3
87 silly idealTree:prePrune │ ├─┬ debug@2.2.0
87 silly idealTree:prePrune │ │ └── ms@0.7.1
87 silly idealTree:prePrune │ ├── depd@1.0.1
87 silly idealTree:prePrune │ ├── escape-html@1.0.2
87 silly idealTree:prePrune │ ├── etag@1.7.0
87 silly idealTree:prePrune │ ├─┬ finalhandler@0.4.0
87 silly idealTree:prePrune │ │ └── unpipe@1.0.0
87 silly idealTree:prePrune │ ├── fresh@0.3.0
87 silly idealTree:prePrune │ ├── merge-descriptors@1.0.0
87 silly idealTree:prePrune │ ├── methods@1.1.1
87 silly idealTree:prePrune │ ├─┬ on-finished@2.3.0
87 silly idealTree:prePrune │ │ └── ee-first@1.1.1
87 silly idealTree:prePrune │ ├── parseurl@1.3.0
87 silly idealTree:prePrune │ ├── path-to-regexp@0.1.7
87 silly idealTree:prePrune │ ├─┬ proxy-addr@1.0.8
87 silly idealTree:prePrune │ │ ├── forwarded@0.1.0
87 silly idealTree:prePrune │ │ └── ipaddr.js@1.0.1
87 silly idealTree:prePrune │ ├── qs@4.0.0
87 silly idealTree:prePrune │ ├── range-parser@1.0.3
87 silly idealTree:prePrune │ ├─┬ send@0.13.0
87 silly idealTree:prePrune │ │ ├── destroy@1.0.3
87 silly idealTree:prePrune │ │ ├─┬ http-errors@1.3.1
87 silly idealTree:prePrune │ │ │ └── inherits@2.0.1
87 silly idealTree:prePrune │ │ ├── mime@1.3.4
87 silly idealTree:prePrune │ │ ├── ms@0.7.1
87 silly idealTree:prePrune │ │ └── statuses@1.2.1
87 silly idealTree:prePrune │ ├── serve-static@1.10.0
87 silly idealTree:prePrune │ ├─┬ type-is@1.6.9
87 silly idealTree:prePrune │ │ ├── media-typer@0.3.0
87 silly idealTree:prePrune │ │ └─┬ mime-types@2.1.7
87 silly idealTree:prePrune │ │   └── mime-db@1.19.0
87 silly idealTree:prePrune │ ├── utils-merge@1.0.0
87 silly idealTree:prePrune │ └── vary@1.0.1
87 silly idealTree:prePrune ├── from@0.1.3
87 silly idealTree:prePrune ├─┬ handlebars@4.0.5
87 silly idealTree:prePrune │ ├── async@1.5.0
87 silly idealTree:prePrune │ ├─┬ optimist@0.6.1
87 silly idealTree:prePrune │ │ ├── minimist@0.0.10
87 silly idealTree:prePrune │ │ └── wordwrap@0.0.3
87 silly idealTree:prePrune │ ├─┬ source-map@0.4.4
87 silly idealTree:prePrune │ │ └── amdefine@1.0.0
87 silly idealTree:prePrune │ └─┬ uglify-js@2.6.1
87 silly idealTree:prePrune │   ├── async@0.2.10
87 silly idealTree:prePrune │   ├── source-map@0.5.3
87 silly idealTree:prePrune │   ├── uglify-to-browserify@1.0.2
87 silly idealTree:prePrune │   └─┬ yargs@3.10.0
87 silly idealTree:prePrune │     ├── camelcase@1.2.1
87 silly idealTree:prePrune │     ├─┬ cliui@2.1.0
87 silly idealTree:prePrune │     │ ├─┬ center-align@0.1.2
87 silly idealTree:prePrune │     │ │ ├─┬ align-text@0.1.3
87 silly idealTree:prePrune │     │ │ │ ├─┬ kind-of@2.0.1
87 silly idealTree:prePrune │     │ │ │ │ └── is-buffer@1.1.0
87 silly idealTree:prePrune │     │ │ │ ├── longest@1.0.1
87 silly idealTree:prePrune │     │ │ │ └── repeat-string@1.5.2
87 silly idealTree:prePrune │     │ │ └── lazy-cache@0.2.4
87 silly idealTree:prePrune │     │ ├─┬ right-align@0.1.3
87 silly idealTree:prePrune │     │ │ └─┬ align-text@0.1.3
87 silly idealTree:prePrune │     │ │   ├─┬ kind-of@2.0.1
87 silly idealTree:prePrune │     │ │   │ └── is-buffer@1.1.0
87 silly idealTree:prePrune │     │ │   ├── longest@1.0.1
87 silly idealTree:prePrune │     │ │   └── repeat-string@1.5.2
87 silly idealTree:prePrune │     │ └── wordwrap@0.0.2
87 silly idealTree:prePrune │     ├── decamelize@1.1.1
87 silly idealTree:prePrune │     └── window-size@0.1.0
87 silly idealTree:prePrune ├── hooks-fixed@1.1.0
87 silly idealTree:prePrune ├── inherits@2.0.1
87 silly idealTree:prePrune ├── isarray@0.0.1
87 silly idealTree:prePrune ├── jquery@2.1.4
87 silly idealTree:prePrune ├── kareem@1.0.1
87 silly idealTree:prePrune ├── kerberos@0.0.17
87 silly idealTree:prePrune ├── lodash._baseassign@3.2.0
87 silly idealTree:prePrune ├── lodash._basecopy@3.0.1
87 silly idealTree:prePrune ├── lodash._bindcallback@3.0.1
87 silly idealTree:prePrune ├── lodash._createassigner@3.1.1
87 silly idealTree:prePrune ├── lodash._getnative@3.9.1
87 silly idealTree:prePrune ├── lodash._isiterateecall@3.0.9
87 silly idealTree:prePrune ├── lodash.assign@3.2.0
87 silly idealTree:prePrune ├── lodash.isarguments@3.0.4
87 silly idealTree:prePrune ├── lodash.isarray@3.0.4
87 silly idealTree:prePrune ├── lodash.keys@3.1.2
87 silly idealTree:prePrune ├── lodash.restparam@3.6.1
87 silly idealTree:prePrune ├── map-stream@0.1.0
87 silly idealTree:prePrune ├─┬ method-override@2.3.5
87 silly idealTree:prePrune │ ├─┬ debug@2.2.0
87 silly idealTree:prePrune │ │ └── ms@0.7.1
87 silly idealTree:prePrune │ ├── methods@1.1.1
87 silly idealTree:prePrune │ ├── parseurl@1.3.0
87 silly idealTree:prePrune │ └── vary@1.0.1
87 silly idealTree:prePrune ├── mingo@0.6.2
87 silly idealTree:prePrune ├── mongodb-core@1.2.24
87 silly idealTree:prePrune ├── mongodb@2.0.49
87 silly idealTree:prePrune ├─┬ mongoose@4.2.8
87 silly idealTree:prePrune │ └── async@0.9.0
87 silly idealTree:prePrune ├─┬ morgan@1.6.1
87 silly idealTree:prePrune │ ├── basic-auth@1.0.3
87 silly idealTree:prePrune │ ├─┬ debug@2.2.0
87 silly idealTree:prePrune │ │ └── ms@0.7.1
87 silly idealTree:prePrune │ ├── depd@1.0.1
87 silly idealTree:prePrune │ ├─┬ on-finished@2.3.0
87 silly idealTree:prePrune │ │ └── ee-first@1.1.1
87 silly idealTree:prePrune │ └── on-headers@1.0.1
87 silly idealTree:prePrune ├── mpath@0.1.1
87 silly idealTree:prePrune ├── mpromise@0.5.4
87 silly idealTree:prePrune ├── mquery@1.6.3
87 silly idealTree:prePrune ├── ms@0.7.1
87 silly idealTree:prePrune ├── muri@1.0.0
87 silly idealTree:prePrune ├── nan@2.0.9
87 silly idealTree:prePrune ├── natural@0.2.1
87 silly idealTree:prePrune ├─┬ passport-facebook@2.0.0
87 silly idealTree:prePrune │ └─┬ passport-oauth2@1.1.2
87 silly idealTree:prePrune │   ├── oauth@0.9.14
87 silly idealTree:prePrune │   ├── passport-strategy@1.0.0
87 silly idealTree:prePrune │   └── uid2@0.0.3
87 silly idealTree:prePrune ├─┬ passport-local@1.0.0
87 silly idealTree:prePrune │ └── passport-strategy@1.0.0
87 silly idealTree:prePrune ├─┬ passport-twitter@1.0.3
87 silly idealTree:prePrune │ ├─┬ passport-oauth1@1.0.1
87 silly idealTree:prePrune │ │ ├── oauth@0.9.14
87 silly idealTree:prePrune │ │ ├── passport-strategy@1.0.0
87 silly idealTree:prePrune │ │ └── utils-merge@1.0.0
87 silly idealTree:prePrune │ └─┬ xtraverse@0.1.0
87 silly idealTree:prePrune │   └── xmldom@0.1.19
87 silly idealTree:prePrune ├─┬ passport@0.3.2
87 silly idealTree:prePrune │ ├── passport-strategy@1.0.0
87 silly idealTree:prePrune │ └── pause@0.0.1
87 silly idealTree:prePrune ├── pause-stream@0.0.11
87 silly idealTree:prePrune ├── readable-stream@1.0.31
87 silly idealTree:prePrune ├── regexp-clone@0.0.1
87 silly idealTree:prePrune ├─┬ request@2.67.0
87 silly idealTree:prePrune │ ├── aws-sign2@0.6.0
87 silly idealTree:prePrune │ ├─┬ bl@1.0.0
87 silly idealTree:prePrune │ │ └─┬ readable-stream@2.0.4
87 silly idealTree:prePrune │ │   ├── core-util-is@1.0.2
87 silly idealTree:prePrune │ │   ├── inherits@2.0.1
87 silly idealTree:prePrune │ │   ├── isarray@0.0.1
87 silly idealTree:prePrune │ │   ├── process-nextick-args@1.0.3
87 silly idealTree:prePrune │ │   ├── string_decoder@0.10.31
87 silly idealTree:prePrune │ │   └── util-deprecate@1.0.2
87 silly idealTree:prePrune │ ├── caseless@0.11.0
87 silly idealTree:prePrune │ ├─┬ combined-stream@1.0.5
87 silly idealTree:prePrune │ │ └── delayed-stream@1.0.0
87 silly idealTree:prePrune │ ├── extend@3.0.0
87 silly idealTree:prePrune │ ├── forever-agent@0.6.1
87 silly idealTree:prePrune │ ├─┬ form-data@1.0.0-rc3
87 silly idealTree:prePrune │ │ └── async@1.5.0
87 silly idealTree:prePrune │ ├─┬ har-validator@2.0.2
87 silly idealTree:prePrune │ │ ├─┬ chalk@1.1.1
87 silly idealTree:prePrune │ │ │ ├── ansi-styles@2.1.0
87 silly idealTree:prePrune │ │ │ ├── escape-string-regexp@1.0.3
87 silly idealTree:prePrune │ │ │ ├─┬ has-ansi@2.0.0
87 silly idealTree:prePrune │ │ │ │ └── ansi-regex@2.0.0
87 silly idealTree:prePrune │ │ │ ├─┬ strip-ansi@3.0.0
87 silly idealTree:prePrune │ │ │ │ └── ansi-regex@2.0.0
87 silly idealTree:prePrune │ │ │ └── supports-color@2.0.0
87 silly idealTree:prePrune │ │ ├─┬ commander@2.9.0
87 silly idealTree:prePrune │ │ │ └── graceful-readlink@1.0.1
87 silly idealTree:prePrune │ │ ├─┬ is-my-json-valid@2.12.3
87 silly idealTree:prePrune │ │ │ ├── generate-function@2.0.0
87 silly idealTree:prePrune │ │ │ ├─┬ generate-object-property@1.2.0
87 silly idealTree:prePrune │ │ │ │ └── is-property@1.0.2
87 silly idealTree:prePrune │ │ │ ├── jsonpointer@2.0.0
87 silly idealTree:prePrune │ │ │ └── xtend@4.0.1
87 silly idealTree:prePrune │ │ └─┬ pinkie-promise@1.0.0
87 silly idealTree:prePrune │ │   └── pinkie@1.0.0
87 silly idealTree:prePrune │ ├─┬ hawk@3.1.2
87 silly idealTree:prePrune │ │ ├── boom@2.10.1
87 silly idealTree:prePrune │ │ ├── cryptiles@2.0.5
87 silly idealTree:prePrune │ │ ├── hoek@2.16.3
87 silly idealTree:prePrune │ │ └── sntp@1.0.9
87 silly idealTree:prePrune │ ├─┬ http-signature@1.1.0
87 silly idealTree:prePrune │ │ ├── assert-plus@0.1.5
87 silly idealTree:prePrune │ │ ├─┬ jsprim@1.2.2
87 silly idealTree:prePrune │ │ │ ├── extsprintf@1.0.2
87 silly idealTree:prePrune │ │ │ ├── json-schema@0.2.2
87 silly idealTree:prePrune │ │ │ └── verror@1.3.6
87 silly idealTree:prePrune │ │ └─┬ sshpk@1.7.0
87 silly idealTree:prePrune │ │   ├── asn1@0.2.3
87 silly idealTree:prePrune │ │   ├── assert-plus@0.2.0
87 silly idealTree:prePrune │ │   ├─┬ dashdash@1.10.1
87 silly idealTree:prePrune │ │   │ └── assert-plus@0.1.5
87 silly idealTree:prePrune │ │   ├─┬ ecc-jsbn@0.0.1
87 silly idealTree:prePrune │ │   │ └── jsbn@0.0.0
87 silly idealTree:prePrune │ │   ├── jodid25519@1.0.2
87 silly idealTree:prePrune │ │   ├── jsbn@0.1.0
87 silly idealTree:prePrune │ │   └── tweetnacl@0.13.2
87 silly idealTree:prePrune │ ├── is-typedarray@1.0.0
87 silly idealTree:prePrune │ ├── isstream@0.1.2
87 silly idealTree:prePrune │ ├── json-stringify-safe@5.0.1
87 silly idealTree:prePrune │ ├─┬ mime-types@2.1.7
87 silly idealTree:prePrune │ │ └── mime-db@1.19.0
87 silly idealTree:prePrune │ ├── node-uuid@1.4.7
87 silly idealTree:prePrune │ ├── oauth-sign@0.8.0
87 silly idealTree:prePrune │ ├── qs@5.2.0
87 silly idealTree:prePrune │ ├── stringstream@0.0.5
87 silly idealTree:prePrune │ ├── tough-cookie@2.2.1
87 silly idealTree:prePrune │ └── tunnel-agent@0.4.1
87 silly idealTree:prePrune ├── save@2.1.1
87 silly idealTree:prePrune ├── sliced@0.0.5
87 silly idealTree:prePrune ├── split@0.3.3
87 silly idealTree:prePrune ├── stream-combiner@0.0.4
87 silly idealTree:prePrune ├── string_decoder@0.10.31
87 silly idealTree:prePrune ├── sylvester@0.0.21
87 silly idealTree:prePrune ├── through@2.3.8
87 silly idealTree:prePrune └── underscore@1.8.3
88 silly loadIdealTree Finishing
89 silly currentTree jjtc@1.0.0
89 silly currentTree ├── apparatus@0.0.9
89 silly currentTree ├── async@1.5.0
89 silly currentTree ├── bcrypt-nodejs@0.0.3
89 silly currentTree ├─┬ bcrypt@0.8.5
89 silly currentTree │ ├── bindings@1.2.1
89 silly currentTree │ └── nan@2.0.5
89 silly currentTree ├── bluebird@2.9.26
89 silly currentTree ├─┬ body-parser@1.14.1
89 silly currentTree │ ├── bytes@2.1.0
89 silly currentTree │ ├── content-type@1.0.1
89 silly currentTree │ ├─┬ debug@2.2.0
89 silly currentTree │ │ └── ms@0.7.1
89 silly currentTree │ ├── depd@1.1.0
89 silly currentTree │ ├─┬ http-errors@1.3.1
89 silly currentTree │ │ ├── inherits@2.0.1
89 silly currentTree │ │ └── statuses@1.2.1
89 silly currentTree │ ├── iconv-lite@0.4.12
89 silly currentTree │ ├─┬ on-finished@2.3.0
89 silly currentTree │ │ └── ee-first@1.1.1
89 silly currentTree │ ├── qs@5.1.0
89 silly currentTree │ ├─┬ raw-body@2.1.4
89 silly currentTree │ │ └── unpipe@1.0.0
89 silly currentTree │ └─┬ type-is@1.6.9
89 silly currentTree │   ├── media-typer@0.3.0
89 silly currentTree │   └─┬ mime-types@2.1.7
89 silly currentTree │     └── mime-db@1.19.0
89 silly currentTree ├── bson@0.4.19
89 silly currentTree ├── connect-flash@0.1.1
89 silly currentTree ├─┬ cookie-parser@1.4.0
89 silly currentTree │ ├── cookie-signature@1.0.6
89 silly currentTree │ └── cookie@0.2.2
89 silly currentTree ├── core-util-is@1.0.2
89 silly currentTree ├── debug@2.2.0
89 silly currentTree ├── duplexer@0.1.1
89 silly currentTree ├── ejs@2.3.4
89 silly currentTree ├── es6-promise@2.1.1
89 silly currentTree ├── event-stream@3.3.2
89 silly currentTree ├─┬ express-session@1.12.1
89 silly currentTree │ ├── cookie-signature@1.0.6
89 silly currentTree │ ├── cookie@0.2.3
89 silly currentTree │ ├── crc@3.3.0
89 silly currentTree │ ├─┬ debug@2.2.0
89 silly currentTree │ │ └── ms@0.7.1
89 silly currentTree │ ├── depd@1.1.0
89 silly currentTree │ ├── on-headers@1.0.1
89 silly currentTree │ ├── parseurl@1.3.0
89 silly currentTree │ ├─┬ uid-safe@2.0.0
89 silly currentTree │ │ └── base64-url@1.2.1
89 silly currentTree │ └── utils-merge@1.0.0
89 silly currentTree ├─┬ express@4.13.3
89 silly currentTree │ ├─┬ accepts@1.2.13
89 silly currentTree │ │ ├─┬ mime-types@2.1.7
89 silly currentTree │ │ │ └── mime-db@1.19.0
89 silly currentTree │ │ └── negotiator@0.5.3
89 silly currentTree │ ├── array-flatten@1.1.1
89 silly currentTree │ ├── content-disposition@0.5.0
89 silly currentTree │ ├── content-type@1.0.1
89 silly currentTree │ ├── cookie-signature@1.0.6
89 silly currentTree │ ├── cookie@0.1.3
89 silly currentTree │ ├─┬ debug@2.2.0
89 silly currentTree │ │ └── ms@0.7.1
89 silly currentTree │ ├── depd@1.0.1
89 silly currentTree │ ├── escape-html@1.0.2
89 silly currentTree │ ├── etag@1.7.0
89 silly currentTree │ ├─┬ finalhandler@0.4.0
89 silly currentTree │ │ └── unpipe@1.0.0
89 silly currentTree │ ├── fresh@0.3.0
89 silly currentTree │ ├── merge-descriptors@1.0.0
89 silly currentTree │ ├── methods@1.1.1
89 silly currentTree │ ├─┬ on-finished@2.3.0
89 silly currentTree │ │ └── ee-first@1.1.1
89 silly currentTree │ ├── parseurl@1.3.0
89 silly currentTree │ ├── path-to-regexp@0.1.7
89 silly currentTree │ ├─┬ proxy-addr@1.0.8
89 silly currentTree │ │ ├── forwarded@0.1.0
89 silly currentTree │ │ └── ipaddr.js@1.0.1
89 silly currentTree │ ├── qs@4.0.0
89 silly currentTree │ ├── range-parser@1.0.3
89 silly currentTree │ ├─┬ send@0.13.0
89 silly currentTree │ │ ├── destroy@1.0.3
89 silly currentTree │ │ ├─┬ http-errors@1.3.1
89 silly currentTree │ │ │ └── inherits@2.0.1
89 silly currentTree │ │ ├── mime@1.3.4
89 silly currentTree │ │ ├── ms@0.7.1
89 silly currentTree │ │ └── statuses@1.2.1
89 silly currentTree │ ├── serve-static@1.10.0
89 silly currentTree │ ├─┬ type-is@1.6.9
89 silly currentTree │ │ ├── media-typer@0.3.0
89 silly currentTree │ │ └─┬ mime-types@2.1.7
89 silly currentTree │ │   └── mime-db@1.19.0
89 silly currentTree │ ├── utils-merge@1.0.0
89 silly currentTree │ └── vary@1.0.1
89 silly currentTree ├── from@0.1.3
89 silly currentTree ├─┬ handlebars@4.0.5
89 silly currentTree │ ├── async@1.5.0
89 silly currentTree │ ├─┬ optimist@0.6.1
89 silly currentTree │ │ ├── minimist@0.0.10
89 silly currentTree │ │ └── wordwrap@0.0.3
89 silly currentTree │ ├─┬ source-map@0.4.4
89 silly currentTree │ │ └── amdefine@1.0.0
89 silly currentTree │ └─┬ uglify-js@2.6.1
89 silly currentTree │   ├── async@0.2.10
89 silly currentTree │   ├── source-map@0.5.3
89 silly currentTree │   ├── uglify-to-browserify@1.0.2
89 silly currentTree │   └─┬ yargs@3.10.0
89 silly currentTree │     ├── camelcase@1.2.1
89 silly currentTree │     ├─┬ cliui@2.1.0
89 silly currentTree │     │ ├─┬ center-align@0.1.2
89 silly currentTree │     │ │ ├─┬ align-text@0.1.3
89 silly currentTree │     │ │ │ ├─┬ kind-of@2.0.1
89 silly currentTree │     │ │ │ │ └── is-buffer@1.1.0
89 silly currentTree │     │ │ │ ├── longest@1.0.1
89 silly currentTree │     │ │ │ └── repeat-string@1.5.2
89 silly currentTree │     │ │ └── lazy-cache@0.2.4
89 silly currentTree │     │ ├─┬ right-align@0.1.3
89 silly currentTree │     │ │ └─┬ align-text@0.1.3
89 silly currentTree │     │ │   ├─┬ kind-of@2.0.1
89 silly currentTree │     │ │   │ └── is-buffer@1.1.0
89 silly currentTree │     │ │   ├── longest@1.0.1
89 silly currentTree │     │ │   └── repeat-string@1.5.2
89 silly currentTree │     │ └── wordwrap@0.0.2
89 silly currentTree │     ├── decamelize@1.1.1
89 silly currentTree │     └── window-size@0.1.0
89 silly currentTree ├── hooks-fixed@1.1.0
89 silly currentTree ├── inherits@2.0.1
89 silly currentTree ├── isarray@0.0.1
89 silly currentTree ├── jquery@2.1.4
89 silly currentTree ├── kareem@1.0.1
89 silly currentTree ├── kerberos@0.0.17
89 silly currentTree ├── lodash._baseassign@3.2.0
89 silly currentTree ├── lodash._basecopy@3.0.1
89 silly currentTree ├── lodash._bindcallback@3.0.1
89 silly currentTree ├── lodash._createassigner@3.1.1
89 silly currentTree ├── lodash._getnative@3.9.1
89 silly currentTree ├── lodash._isiterateecall@3.0.9
89 silly currentTree ├── lodash.assign@3.2.0
89 silly currentTree ├── lodash.isarguments@3.0.4
89 silly currentTree ├── lodash.isarray@3.0.4
89 silly currentTree ├── lodash.keys@3.1.2
89 silly currentTree ├── lodash.restparam@3.6.1
89 silly currentTree ├── map-stream@0.1.0
89 silly currentTree ├─┬ method-override@2.3.5
89 silly currentTree │ ├─┬ debug@2.2.0
89 silly currentTree │ │ └── ms@0.7.1
89 silly currentTree │ ├── methods@1.1.1
89 silly currentTree │ ├── parseurl@1.3.0
89 silly currentTree │ └── vary@1.0.1
89 silly currentTree ├── mingo@0.6.2
89 silly currentTree ├── mongodb-core@1.2.24
89 silly currentTree ├── mongodb@2.0.49
89 silly currentTree ├─┬ morgan@1.6.1
89 silly currentTree │ ├── basic-auth@1.0.3
89 silly currentTree │ ├─┬ debug@2.2.0
89 silly currentTree │ │ └── ms@0.7.1
89 silly currentTree │ ├── depd@1.0.1
89 silly currentTree │ ├─┬ on-finished@2.3.0
89 silly currentTree │ │ └── ee-first@1.1.1
89 silly currentTree │ └── on-headers@1.0.1
89 silly currentTree ├── mpath@0.1.1
89 silly currentTree ├── mpromise@0.5.4
89 silly currentTree ├── mquery@1.6.3
89 silly currentTree ├── ms@0.7.1
89 silly currentTree ├── muri@1.0.0
89 silly currentTree ├── nan@2.0.9
89 silly currentTree ├── natural@0.2.1
89 silly currentTree ├─┬ passport-facebook@2.0.0
89 silly currentTree │ └─┬ passport-oauth2@1.1.2
89 silly currentTree │   ├── oauth@0.9.14
89 silly currentTree │   ├── passport-strategy@1.0.0
89 silly currentTree │   └── uid2@0.0.3
89 silly currentTree ├─┬ passport-local@1.0.0
89 silly currentTree │ └── passport-strategy@1.0.0
89 silly currentTree ├─┬ passport-twitter@1.0.3
89 silly currentTree │ ├─┬ passport-oauth1@1.0.1
89 silly currentTree │ │ ├── oauth@0.9.14
89 silly currentTree │ │ ├── passport-strategy@1.0.0
89 silly currentTree │ │ └── utils-merge@1.0.0
89 silly currentTree │ └─┬ xtraverse@0.1.0
89 silly currentTree │   └── xmldom@0.1.19
89 silly currentTree ├─┬ passport@0.3.2
89 silly currentTree │ ├── passport-strategy@1.0.0
89 silly currentTree │ └── pause@0.0.1
89 silly currentTree ├── pause-stream@0.0.11
89 silly currentTree ├── readable-stream@1.0.31
89 silly currentTree ├── regexp-clone@0.0.1
89 silly currentTree ├─┬ request@2.67.0
89 silly currentTree │ ├── aws-sign2@0.6.0
89 silly currentTree │ ├─┬ bl@1.0.0
89 silly currentTree │ │ └─┬ readable-stream@2.0.4
89 silly currentTree │ │   ├── core-util-is@1.0.2
89 silly currentTree │ │   ├── inherits@2.0.1
89 silly currentTree │ │   ├── isarray@0.0.1
89 silly currentTree │ │   ├── process-nextick-args@1.0.3
89 silly currentTree │ │   ├── string_decoder@0.10.31
89 silly currentTree │ │   └── util-deprecate@1.0.2
89 silly currentTree │ ├── caseless@0.11.0
89 silly currentTree │ ├─┬ combined-stream@1.0.5
89 silly currentTree │ │ └── delayed-stream@1.0.0
89 silly currentTree │ ├── extend@3.0.0
89 silly currentTree │ ├── forever-agent@0.6.1
89 silly currentTree │ ├─┬ form-data@1.0.0-rc3
89 silly currentTree │ │ └── async@1.5.0
89 silly currentTree │ ├─┬ har-validator@2.0.2
89 silly currentTree │ │ ├─┬ chalk@1.1.1
89 silly currentTree │ │ │ ├── ansi-styles@2.1.0
89 silly currentTree │ │ │ ├── escape-string-regexp@1.0.3
89 silly currentTree │ │ │ ├─┬ has-ansi@2.0.0
89 silly currentTree │ │ │ │ └── ansi-regex@2.0.0
89 silly currentTree │ │ │ ├─┬ strip-ansi@3.0.0
89 silly currentTree │ │ │ │ └── ansi-regex@2.0.0
89 silly currentTree │ │ │ └── supports-color@2.0.0
89 silly currentTree │ │ ├─┬ commander@2.9.0
89 silly currentTree │ │ │ └── graceful-readlink@1.0.1
89 silly currentTree │ │ ├─┬ is-my-json-valid@2.12.3
89 silly currentTree │ │ │ ├── generate-function@2.0.0
89 silly currentTree │ │ │ ├─┬ generate-object-property@1.2.0
89 silly currentTree │ │ │ │ └── is-property@1.0.2
89 silly currentTree │ │ │ ├── jsonpointer@2.0.0
89 silly currentTree │ │ │ └── xtend@4.0.1
89 silly currentTree │ │ └─┬ pinkie-promise@1.0.0
89 silly currentTree │ │   └── pinkie@1.0.0
89 silly currentTree │ ├─┬ hawk@3.1.2
89 silly currentTree │ │ ├── boom@2.10.1
89 silly currentTree │ │ ├── cryptiles@2.0.5
89 silly currentTree │ │ ├── hoek@2.16.3
89 silly currentTree │ │ └── sntp@1.0.9
89 silly currentTree │ ├─┬ http-signature@1.1.0
89 silly currentTree │ │ ├── assert-plus@0.1.5
89 silly currentTree │ │ ├─┬ jsprim@1.2.2
89 silly currentTree │ │ │ ├── extsprintf@1.0.2
89 silly currentTree │ │ │ ├── json-schema@0.2.2
89 silly currentTree │ │ │ └── verror@1.3.6
89 silly currentTree │ │ └─┬ sshpk@1.7.0
89 silly currentTree │ │   ├── asn1@0.2.3
89 silly currentTree │ │   ├── assert-plus@0.2.0
89 silly currentTree │ │   ├─┬ dashdash@1.10.1
89 silly currentTree │ │   │ └── assert-plus@0.1.5
89 silly currentTree │ │   ├─┬ ecc-jsbn@0.0.1
89 silly currentTree │ │   │ └── jsbn@0.0.0
89 silly currentTree │ │   ├── jodid25519@1.0.2
89 silly currentTree │ │   ├── jsbn@0.1.0
89 silly currentTree │ │   └── tweetnacl@0.13.2
89 silly currentTree │ ├── is-typedarray@1.0.0
89 silly currentTree │ ├── isstream@0.1.2
89 silly currentTree │ ├── json-stringify-safe@5.0.1
89 silly currentTree │ ├─┬ mime-types@2.1.7
89 silly currentTree │ │ └── mime-db@1.19.0
89 silly currentTree │ ├── node-uuid@1.4.7
89 silly currentTree │ ├── oauth-sign@0.8.0
89 silly currentTree │ ├── qs@5.2.0
89 silly currentTree │ ├── stringstream@0.0.5
89 silly currentTree │ ├── tough-cookie@2.2.1
89 silly currentTree │ └── tunnel-agent@0.4.1
89 silly currentTree ├── save@2.1.1
89 silly currentTree ├── sliced@0.0.5
89 silly currentTree ├── split@0.3.3
89 silly currentTree ├── stream-combiner@0.0.4
89 silly currentTree ├── string_decoder@0.10.31
89 silly currentTree ├── sylvester@0.0.21
89 silly currentTree ├── through@2.3.8
89 silly currentTree └── underscore@1.8.3
90 silly idealTree jjtc@1.0.0
90 silly idealTree ├── apparatus@0.0.9
90 silly idealTree ├── async@1.5.0
90 silly idealTree ├── bcrypt-nodejs@0.0.3
90 silly idealTree ├─┬ bcrypt@0.8.5
90 silly idealTree │ ├── bindings@1.2.1
90 silly idealTree │ └── nan@2.0.5
90 silly idealTree ├── bluebird@2.9.26
90 silly idealTree ├─┬ body-parser@1.14.1
90 silly idealTree │ ├── bytes@2.1.0
90 silly idealTree │ ├── content-type@1.0.1
90 silly idealTree │ ├─┬ debug@2.2.0
90 silly idealTree │ │ └── ms@0.7.1
90 silly idealTree │ ├── depd@1.1.0
90 silly idealTree │ ├─┬ http-errors@1.3.1
90 silly idealTree │ │ ├── inherits@2.0.1
90 silly idealTree │ │ └── statuses@1.2.1
90 silly idealTree │ ├── iconv-lite@0.4.12
90 silly idealTree │ ├─┬ on-finished@2.3.0
90 silly idealTree │ │ └── ee-first@1.1.1
90 silly idealTree │ ├── qs@5.1.0
90 silly idealTree │ ├─┬ raw-body@2.1.4
90 silly idealTree │ │ └── unpipe@1.0.0
90 silly idealTree │ └─┬ type-is@1.6.9
90 silly idealTree │   ├── media-typer@0.3.0
90 silly idealTree │   └─┬ mime-types@2.1.7
90 silly idealTree │     └── mime-db@1.19.0
90 silly idealTree ├── bson@0.4.19
90 silly idealTree ├── connect-flash@0.1.1
90 silly idealTree ├─┬ cookie-parser@1.4.0
90 silly idealTree │ ├── cookie-signature@1.0.6
90 silly idealTree │ └── cookie@0.2.2
90 silly idealTree ├── core-util-is@1.0.2
90 silly idealTree ├── debug@2.2.0
90 silly idealTree ├── duplexer@0.1.1
90 silly idealTree ├── ejs@2.3.4
90 silly idealTree ├── es6-promise@2.1.1
90 silly idealTree ├── event-stream@3.3.2
90 silly idealTree ├─┬ express-session@1.12.1
90 silly idealTree │ ├── cookie-signature@1.0.6
90 silly idealTree │ ├── cookie@0.2.3
90 silly idealTree │ ├── crc@3.3.0
90 silly idealTree │ ├─┬ debug@2.2.0
90 silly idealTree │ │ └── ms@0.7.1
90 silly idealTree │ ├── depd@1.1.0
90 silly idealTree │ ├── on-headers@1.0.1
90 silly idealTree │ ├── parseurl@1.3.0
90 silly idealTree │ ├─┬ uid-safe@2.0.0
90 silly idealTree │ │ └── base64-url@1.2.1
90 silly idealTree │ └── utils-merge@1.0.0
90 silly idealTree ├─┬ express@4.13.3
90 silly idealTree │ ├─┬ accepts@1.2.13
90 silly idealTree │ │ ├─┬ mime-types@2.1.7
90 silly idealTree │ │ │ └── mime-db@1.19.0
90 silly idealTree │ │ └── negotiator@0.5.3
90 silly idealTree │ ├── array-flatten@1.1.1
90 silly idealTree │ ├── content-disposition@0.5.0
90 silly idealTree │ ├── content-type@1.0.1
90 silly idealTree │ ├── cookie-signature@1.0.6
90 silly idealTree │ ├── cookie@0.1.3
90 silly idealTree │ ├─┬ debug@2.2.0
90 silly idealTree │ │ └── ms@0.7.1
90 silly idealTree │ ├── depd@1.0.1
90 silly idealTree │ ├── escape-html@1.0.2
90 silly idealTree │ ├── etag@1.7.0
90 silly idealTree │ ├─┬ finalhandler@0.4.0
90 silly idealTree │ │ └── unpipe@1.0.0
90 silly idealTree │ ├── fresh@0.3.0
90 silly idealTree │ ├── merge-descriptors@1.0.0
90 silly idealTree │ ├── methods@1.1.1
90 silly idealTree │ ├─┬ on-finished@2.3.0
90 silly idealTree │ │ └── ee-first@1.1.1
90 silly idealTree │ ├── parseurl@1.3.0
90 silly idealTree │ ├── path-to-regexp@0.1.7
90 silly idealTree │ ├─┬ proxy-addr@1.0.8
90 silly idealTree │ │ ├── forwarded@0.1.0
90 silly idealTree │ │ └── ipaddr.js@1.0.1
90 silly idealTree │ ├── qs@4.0.0
90 silly idealTree │ ├── range-parser@1.0.3
90 silly idealTree │ ├─┬ send@0.13.0
90 silly idealTree │ │ ├── destroy@1.0.3
90 silly idealTree │ │ ├─┬ http-errors@1.3.1
90 silly idealTree │ │ │ └── inherits@2.0.1
90 silly idealTree │ │ ├── mime@1.3.4
90 silly idealTree │ │ ├── ms@0.7.1
90 silly idealTree │ │ └── statuses@1.2.1
90 silly idealTree │ ├── serve-static@1.10.0
90 silly idealTree │ ├─┬ type-is@1.6.9
90 silly idealTree │ │ ├── media-typer@0.3.0
90 silly idealTree │ │ └─┬ mime-types@2.1.7
90 silly idealTree │ │   └── mime-db@1.19.0
90 silly idealTree │ ├── utils-merge@1.0.0
90 silly idealTree │ └── vary@1.0.1
90 silly idealTree ├── from@0.1.3
90 silly idealTree ├─┬ handlebars@4.0.5
90 silly idealTree │ ├── async@1.5.0
90 silly idealTree │ ├─┬ optimist@0.6.1
90 silly idealTree │ │ ├── minimist@0.0.10
90 silly idealTree │ │ └── wordwrap@0.0.3
90 silly idealTree │ ├─┬ source-map@0.4.4
90 silly idealTree │ │ └── amdefine@1.0.0
90 silly idealTree │ └─┬ uglify-js@2.6.1
90 silly idealTree │   ├── async@0.2.10
90 silly idealTree │   ├── source-map@0.5.3
90 silly idealTree │   ├── uglify-to-browserify@1.0.2
90 silly idealTree │   └─┬ yargs@3.10.0
90 silly idealTree │     ├── camelcase@1.2.1
90 silly idealTree │     ├─┬ cliui@2.1.0
90 silly idealTree │     │ ├─┬ center-align@0.1.2
90 silly idealTree │     │ │ ├─┬ align-text@0.1.3
90 silly idealTree │     │ │ │ ├─┬ kind-of@2.0.1
90 silly idealTree │     │ │ │ │ └── is-buffer@1.1.0
90 silly idealTree │     │ │ │ ├── longest@1.0.1
90 silly idealTree │     │ │ │ └── repeat-string@1.5.2
90 silly idealTree │     │ │ └── lazy-cache@0.2.4
90 silly idealTree │     │ ├─┬ right-align@0.1.3
90 silly idealTree │     │ │ └─┬ align-text@0.1.3
90 silly idealTree │     │ │   ├─┬ kind-of@2.0.1
90 silly idealTree │     │ │   │ └── is-buffer@1.1.0
90 silly idealTree │     │ │   ├── longest@1.0.1
90 silly idealTree │     │ │   └── repeat-string@1.5.2
90 silly idealTree │     │ └── wordwrap@0.0.2
90 silly idealTree │     ├── decamelize@1.1.1
90 silly idealTree │     └── window-size@0.1.0
90 silly idealTree ├── hooks-fixed@1.1.0
90 silly idealTree ├── inherits@2.0.1
90 silly idealTree ├── isarray@0.0.1
90 silly idealTree ├── jquery@2.1.4
90 silly idealTree ├── kareem@1.0.1
90 silly idealTree ├── kerberos@0.0.17
90 silly idealTree ├── lodash._baseassign@3.2.0
90 silly idealTree ├── lodash._basecopy@3.0.1
90 silly idealTree ├── lodash._bindcallback@3.0.1
90 silly idealTree ├── lodash._createassigner@3.1.1
90 silly idealTree ├── lodash._getnative@3.9.1
90 silly idealTree ├── lodash._isiterateecall@3.0.9
90 silly idealTree ├── lodash.assign@3.2.0
90 silly idealTree ├── lodash.isarguments@3.0.4
90 silly idealTree ├── lodash.isarray@3.0.4
90 silly idealTree ├── lodash.keys@3.1.2
90 silly idealTree ├── lodash.restparam@3.6.1
90 silly idealTree ├── map-stream@0.1.0
90 silly idealTree ├─┬ method-override@2.3.5
90 silly idealTree │ ├─┬ debug@2.2.0
90 silly idealTree │ │ └── ms@0.7.1
90 silly idealTree │ ├── methods@1.1.1
90 silly idealTree │ ├── parseurl@1.3.0
90 silly idealTree │ └── vary@1.0.1
90 silly idealTree ├── mingo@0.6.2
90 silly idealTree ├── mongodb-core@1.2.24
90 silly idealTree ├── mongodb@2.0.49
90 silly idealTree ├─┬ mongoose@4.2.8
90 silly idealTree │ └── async@0.9.0
90 silly idealTree ├─┬ morgan@1.6.1
90 silly idealTree │ ├── basic-auth@1.0.3
90 silly idealTree │ ├─┬ debug@2.2.0
90 silly idealTree │ │ └── ms@0.7.1
90 silly idealTree │ ├── depd@1.0.1
90 silly idealTree │ ├─┬ on-finished@2.3.0
90 silly idealTree │ │ └── ee-first@1.1.1
90 silly idealTree │ └── on-headers@1.0.1
90 silly idealTree ├── mpath@0.1.1
90 silly idealTree ├── mpromise@0.5.4
90 silly idealTree ├── mquery@1.6.3
90 silly idealTree ├── ms@0.7.1
90 silly idealTree ├── muri@1.0.0
90 silly idealTree ├── nan@2.0.9
90 silly idealTree ├── natural@0.2.1
90 silly idealTree ├─┬ passport-facebook@2.0.0
90 silly idealTree │ └─┬ passport-oauth2@1.1.2
90 silly idealTree │   ├── oauth@0.9.14
90 silly idealTree │   ├── passport-strategy@1.0.0
90 silly idealTree │   └── uid2@0.0.3
90 silly idealTree ├─┬ passport-local@1.0.0
90 silly idealTree │ └── passport-strategy@1.0.0
90 silly idealTree ├─┬ passport-twitter@1.0.3
90 silly idealTree │ ├─┬ passport-oauth1@1.0.1
90 silly idealTree │ │ ├── oauth@0.9.14
90 silly idealTree │ │ ├── passport-strategy@1.0.0
90 silly idealTree │ │ └── utils-merge@1.0.0
90 silly idealTree │ └─┬ xtraverse@0.1.0
90 silly idealTree │   └── xmldom@0.1.19
90 silly idealTree ├─┬ passport@0.3.2
90 silly idealTree │ ├── passport-strategy@1.0.0
90 silly idealTree │ └── pause@0.0.1
90 silly idealTree ├── pause-stream@0.0.11
90 silly idealTree ├── readable-stream@1.0.31
90 silly idealTree ├── regexp-clone@0.0.1
90 silly idealTree ├─┬ request@2.67.0
90 silly idealTree │ ├── aws-sign2@0.6.0
90 silly idealTree │ ├─┬ bl@1.0.0
90 silly idealTree │ │ └─┬ readable-stream@2.0.4
90 silly idealTree │ │   ├── core-util-is@1.0.2
90 silly idealTree │ │   ├── inherits@2.0.1
90 silly idealTree │ │   ├── isarray@0.0.1
90 silly idealTree │ │   ├── process-nextick-args@1.0.3
90 silly idealTree │ │   ├── string_decoder@0.10.31
90 silly idealTree │ │   └── util-deprecate@1.0.2
90 silly idealTree │ ├── caseless@0.11.0
90 silly idealTree │ ├─┬ combined-stream@1.0.5
90 silly idealTree │ │ └── delayed-stream@1.0.0
90 silly idealTree │ ├── extend@3.0.0
90 silly idealTree │ ├── forever-agent@0.6.1
90 silly idealTree │ ├─┬ form-data@1.0.0-rc3
90 silly idealTree │ │ └── async@1.5.0
90 silly idealTree │ ├─┬ har-validator@2.0.2
90 silly idealTree │ │ ├─┬ chalk@1.1.1
90 silly idealTree │ │ │ ├── ansi-styles@2.1.0
90 silly idealTree │ │ │ ├── escape-string-regexp@1.0.3
90 silly idealTree │ │ │ ├─┬ has-ansi@2.0.0
90 silly idealTree │ │ │ │ └── ansi-regex@2.0.0
90 silly idealTree │ │ │ ├─┬ strip-ansi@3.0.0
90 silly idealTree │ │ │ │ └── ansi-regex@2.0.0
90 silly idealTree │ │ │ └── supports-color@2.0.0
90 silly idealTree │ │ ├─┬ commander@2.9.0
90 silly idealTree │ │ │ └── graceful-readlink@1.0.1
90 silly idealTree │ │ ├─┬ is-my-json-valid@2.12.3
90 silly idealTree │ │ │ ├── generate-function@2.0.0
90 silly idealTree │ │ │ ├─┬ generate-object-property@1.2.0
90 silly idealTree │ │ │ │ └── is-property@1.0.2
90 silly idealTree │ │ │ ├── jsonpointer@2.0.0
90 silly idealTree │ │ │ └── xtend@4.0.1
90 silly idealTree │ │ └─┬ pinkie-promise@1.0.0
90 silly idealTree │ │   └── pinkie@1.0.0
90 silly idealTree │ ├─┬ hawk@3.1.2
90 silly idealTree │ │ ├── boom@2.10.1
90 silly idealTree │ │ ├── cryptiles@2.0.5
90 silly idealTree │ │ ├── hoek@2.16.3
90 silly idealTree │ │ └── sntp@1.0.9
90 silly idealTree │ ├─┬ http-signature@1.1.0
90 silly idealTree │ │ ├── assert-plus@0.1.5
90 silly idealTree │ │ ├─┬ jsprim@1.2.2
90 silly idealTree │ │ │ ├── extsprintf@1.0.2
90 silly idealTree │ │ │ ├── json-schema@0.2.2
90 silly idealTree │ │ │ └── verror@1.3.6
90 silly idealTree │ │ └─┬ sshpk@1.7.0
90 silly idealTree │ │   ├── asn1@0.2.3
90 silly idealTree │ │   ├── assert-plus@0.2.0
90 silly idealTree │ │   ├─┬ dashdash@1.10.1
90 silly idealTree │ │   │ └── assert-plus@0.1.5
90 silly idealTree │ │   ├─┬ ecc-jsbn@0.0.1
90 silly idealTree │ │   │ └── jsbn@0.0.0
90 silly idealTree │ │   ├── jodid25519@1.0.2
90 silly idealTree │ │   ├── jsbn@0.1.0
90 silly idealTree │ │   └── tweetnacl@0.13.2
90 silly idealTree │ ├── is-typedarray@1.0.0
90 silly idealTree │ ├── isstream@0.1.2
90 silly idealTree │ ├── json-stringify-safe@5.0.1
90 silly idealTree │ ├─┬ mime-types@2.1.7
90 silly idealTree │ │ └── mime-db@1.19.0
90 silly idealTree │ ├── node-uuid@1.4.7
90 silly idealTree │ ├── oauth-sign@0.8.0
90 silly idealTree │ ├── qs@5.2.0
90 silly idealTree │ ├── stringstream@0.0.5
90 silly idealTree │ ├── tough-cookie@2.2.1
90 silly idealTree │ └── tunnel-agent@0.4.1
90 silly idealTree ├── save@2.1.1
90 silly idealTree ├── sliced@0.0.5
90 silly idealTree ├── split@0.3.3
90 silly idealTree ├── stream-combiner@0.0.4
90 silly idealTree ├── string_decoder@0.10.31
90 silly idealTree ├── sylvester@0.0.21
90 silly idealTree ├── through@2.3.8
90 silly idealTree └── underscore@1.8.3
91 silly generateActionsToTake Starting
92 silly install generateActionsToTake
93 silly generateActionsToTake Finishing
94 silly diffTrees action count 2
95 silly diffTrees add async@0.9.0
96 silly diffTrees add mongoose@4.2.8
97 silly decomposeActions action count 16
98 silly decomposeActions fetch async@0.9.0
99 silly decomposeActions extract async@0.9.0
100 silly decomposeActions preinstall async@0.9.0
101 silly decomposeActions build async@0.9.0
102 silly decomposeActions install async@0.9.0
103 silly decomposeActions postinstall async@0.9.0
104 silly decomposeActions test async@0.9.0
105 silly decomposeActions finalize async@0.9.0
106 silly decomposeActions fetch mongoose@4.2.8
107 silly decomposeActions extract mongoose@4.2.8
108 silly decomposeActions preinstall mongoose@4.2.8
109 silly decomposeActions build mongoose@4.2.8
110 silly decomposeActions install mongoose@4.2.8
111 silly decomposeActions postinstall mongoose@4.2.8
112 silly decomposeActions test mongoose@4.2.8
113 silly decomposeActions finalize mongoose@4.2.8
114 silly executeActions Starting
115 silly install executeActions
116 silly doSerial global-install 0
117 silly doParallel fetch 2
118 verbose lock using /Users/Thomas/.npm/_locks/staging-674d9e332ca85a84.lock for /Users/Thomas/jjtc/node_modules/.staging
119 silly doParallel extract 2
120 silly extract async@0.9.0
121 silly extract mongoose@4.2.8
122 verbose unbuild node_modules/.staging/async-9effcb012412b53621bb51f8a1302ca5
123 verbose unbuild node_modules/.staging/mongoose-d785bd4f64141fbce1ae36565acdd36f
124 silly gentlyRm /Users/Thomas/jjtc/node_modules/.staging/async-9effcb012412b53621bb51f8a1302ca5 is being purged from base /Users/Thomas/jjtc
125 silly gentlyRm /Users/Thomas/jjtc/node_modules/.staging/mongoose-d785bd4f64141fbce1ae36565acdd36f is being purged from base /Users/Thomas/jjtc
126 verbose gentlyRm don't care about contents; nuking /Users/Thomas/jjtc/node_modules/.staging/async-9effcb012412b53621bb51f8a1302ca5
127 verbose gentlyRm don't care about contents; nuking /Users/Thomas/jjtc/node_modules/.staging/mongoose-d785bd4f64141fbce1ae36565acdd36f
128 verbose tar unpack /Users/Thomas/.npm/async/0.9.0/package.tgz
129 verbose tar unpacking to /Users/Thomas/jjtc/node_modules/.staging/async-9effcb012412b53621bb51f8a1302ca5
130 silly gentlyRm /Users/Thomas/jjtc/node_modules/.staging/async-9effcb012412b53621bb51f8a1302ca5 is being purged
131 verbose tar unpack /Users/Thomas/.npm/mongoose/4.2.8/package.tgz
132 verbose tar unpacking to /Users/Thomas/jjtc/node_modules/.staging/mongoose-d785bd4f64141fbce1ae36565acdd36f
133 silly gentlyRm /Users/Thomas/jjtc/node_modules/.staging/mongoose-d785bd4f64141fbce1ae36565acdd36f is being purged
134 verbose gentlyRm don't care about contents; nuking /Users/Thomas/jjtc/node_modules/.staging/async-9effcb012412b53621bb51f8a1302ca5
135 verbose gentlyRm don't care about contents; nuking /Users/Thomas/jjtc/node_modules/.staging/mongoose-d785bd4f64141fbce1ae36565acdd36f
136 silly gunzTarPerm modes [ '755', '644' ]
137 silly gunzTarPerm modes [ '755', '644' ]
138 silly gunzTarPerm extractEntry package.json
139 silly gunzTarPerm extractEntry package.json
140 silly gunzTarPerm modified mode [ 'package.json', 436, 420 ]
141 silly gunzTarPerm extractEntry README.md
142 silly gunzTarPerm extractEntry LICENSE
143 silly gunzTarPerm extractEntry .travis.yml
144 silly gunzTarPerm extractEntry component.json
145 silly gunzTarPerm extractEntry lib/async.js
146 silly gunzTarPerm extractEntry .npmignore
147 silly gunzTarPerm modified mode [ '.npmignore', 436, 420 ]
148 silly gunzTarPerm extractEntry README.md
149 silly gunzTarPerm modified mode [ 'README.md', 436, 420 ]
150 silly gunzTarPerm extractEntry website.js
151 silly gunzTarPerm modified mode [ 'website.js', 436, 420 ]
152 silly gunzTarPerm extractEntry index.js
153 silly gunzTarPerm modified mode [ 'index.js', 436, 420 ]
154 silly gunzTarPerm extractEntry static.js
155 silly gunzTarPerm modified mode [ 'static.js', 436, 420 ]
156 silly gunzTarPerm extractEntry .eslintrc.yml
157 silly gunzTarPerm modified mode [ '.eslintrc.yml', 436, 420 ]
158 silly gunzTarPerm extractEntry contRun.sh
159 silly gunzTarPerm modified mode [ 'contRun.sh', 509, 493 ]
160 silly gunzTarPerm extractEntry .eslintignore
161 silly gunzTarPerm modified mode [ '.eslintignore', 436, 420 ]
162 silly gunzTarPerm extractEntry examples/README.md
163 silly gunzTarPerm modified mode [ 'examples/README.md', 436, 420 ]
164 silly gunzTarPerm extractEntry examples/doc-methods.js
165 silly gunzTarPerm modified mode [ 'examples/doc-methods.js', 436, 420 ]
166 silly gunzTarPerm extractEntry examples/statics/person.js
167 silly gunzTarPerm modified mode [ 'examples/statics/person.js', 436, 420 ]
168 silly gunzTarPerm extractEntry examples/statics/statics.js
169 silly gunzTarPerm modified mode [ 'examples/statics/statics.js', 436, 420 ]
170 silly gunzTarPerm extractEntry examples/express/README.md
171 silly gunzTarPerm modified mode [ 'examples/express/README.md', 436, 420 ]
172 silly gunzTarPerm extractEntry examples/express/connection-sharing/package.json
173 silly gunzTarPerm modified mode [ 'examples/express/connection-sharing/package.json', 436, 420 ]
174 silly gunzTarPerm extractEntry examples/express/connection-sharing/README.md
175 silly gunzTarPerm modified mode [ 'examples/express/connection-sharing/README.md', 436, 420 ]
176 silly gunzTarPerm extractEntry examples/express/connection-sharing/app.js
177 silly gunzTarPerm modified mode [ 'examples/express/connection-sharing/app.js', 436, 420 ]
178 silly gunzTarPerm extractEntry examples/express/connection-sharing/modelA.js
179 silly gunzTarPerm modified mode [ 'examples/express/connection-sharing/modelA.js', 436, 420 ]
180 silly gunzTarPerm extractEntry examples/express/connection-sharing/routes.js
181 silly gunzTarPerm modified mode [ 'examples/express/connection-sharing/routes.js', 436, 420 ]
182 silly gunzTarPerm extractEntry examples/geospatial/package.json
183 silly gunzTarPerm modified mode [ 'examples/geospatial/package.json', 436, 420 ]
184 silly gunzTarPerm extractEntry examples/geospatial/geoJSONSchema.js
185 silly gunzTarPerm modified mode [ 'examples/geospatial/geoJSONSchema.js', 436, 420 ]
186 silly gunzTarPerm extractEntry examples/geospatial/geoJSONexample.js
187 silly gunzTarPerm modified mode [ 'examples/geospatial/geoJSONexample.js', 436, 420 ]
188 silly gunzTarPerm extractEntry examples/geospatial/geospatial.js
189 silly gunzTarPerm modified mode [ 'examples/geospatial/geospatial.js', 436, 420 ]
190 silly gunzTarPerm extractEntry examples/geospatial/person.js
191 silly gunzTarPerm modified mode [ 'examples/geospatial/person.js', 436, 420 ]
192 silly gunzTarPerm extractEntry examples/globalschemas/gs_example.js
193 silly gunzTarPerm modified mode [ 'examples/globalschemas/gs_example.js', 436, 420 ]
194 silly gunzTarPerm extractEntry examples/globalschemas/person.js
195 silly gunzTarPerm modified mode [ 'examples/globalschemas/person.js', 436, 420 ]
196 silly gunzTarPerm extractEntry examples/lean/package.json
197 silly gunzTarPerm modified mode [ 'examples/lean/package.json', 436, 420 ]
198 silly gunzTarPerm extractEntry examples/lean/lean.js
199 silly gunzTarPerm modified mode [ 'examples/lean/lean.js', 436, 420 ]
200 silly gunzTarPerm extractEntry examples/lean/person.js
201 silly gunzTarPerm modified mode [ 'examples/lean/person.js', 436, 420 ]
202 silly gunzTarPerm extractEntry examples/aggregate/package.json
203 silly gunzTarPerm modified mode [ 'examples/aggregate/package.json', 436, 420 ]
204 silly gunzTarPerm extractEntry examples/aggregate/aggregate.js
205 silly gunzTarPerm modified mode [ 'examples/aggregate/aggregate.js', 436, 420 ]
206 silly gunzTarPerm extractEntry examples/aggregate/person.js
207 silly gunzTarPerm modified mode [ 'examples/aggregate/person.js', 436, 420 ]
208 silly gunzTarPerm extractEntry examples/population/population-across-three-collections.js
209 silly gunzTarPerm modified mode [ 'examples/population/population-across-three-collections.js',
209 silly gunzTarPerm   436,
209 silly gunzTarPerm   420 ]
210 silly gunzTarPerm extractEntry examples/population/population-basic.js
211 silly gunzTarPerm modified mode [ 'examples/population/population-basic.js', 436, 420 ]
212 silly gunzTarPerm extractEntry examples/population/population-of-existing-doc.js
213 silly gunzTarPerm modified mode [ 'examples/population/population-of-existing-doc.js', 436, 420 ]
214 silly gunzTarPerm extractEntry examples/population/population-of-multiple-existing-docs.js
215 silly gunzTarPerm modified mode [ 'examples/population/population-of-multiple-existing-docs.js',
215 silly gunzTarPerm   436,
215 silly gunzTarPerm   420 ]
216 silly gunzTarPerm extractEntry examples/population/population-options.js
217 silly gunzTarPerm modified mode [ 'examples/population/population-options.js', 436, 420 ]
218 silly gunzTarPerm extractEntry examples/population/population-plain-objects.js
219 silly gunzTarPerm modified mode [ 'examples/population/population-plain-objects.js', 436, 420 ]
220 silly gunzTarPerm extractEntry examples/promises/package.json
221 silly gunzTarPerm modified mode [ 'examples/promises/package.json', 436, 420 ]
222 silly gunzTarPerm extractEntry examples/promises/person.js
223 silly gunzTarPerm modified mode [ 'examples/promises/person.js', 436, 420 ]
224 silly gunzTarPerm extractEntry examples/promises/promise.js
225 silly gunzTarPerm modified mode [ 'examples/promises/promise.js', 436, 420 ]
226 silly gunzTarPerm extractEntry examples/querybuilder/package.json
227 silly gunzTarPerm modified mode [ 'examples/querybuilder/package.json', 436, 420 ]
228 silly gunzTarPerm extractEntry examples/querybuilder/person.js
229 silly gunzTarPerm modified mode [ 'examples/querybuilder/person.js', 436, 420 ]
230 silly gunzTarPerm extractEntry examples/querybuilder/querybuilder.js
231 silly gunzTarPerm modified mode [ 'examples/querybuilder/querybuilder.js', 436, 420 ]
232 silly gunzTarPerm extractEntry examples/replicasets/package.json
233 silly gunzTarPerm modified mode [ 'examples/replicasets/package.json', 436, 420 ]
234 silly gunzTarPerm extractEntry examples/replicasets/person.js
235 silly gunzTarPerm modified mode [ 'examples/replicasets/person.js', 436, 420 ]
236 silly gunzTarPerm extractEntry examples/replicasets/replica-sets.js
237 silly gunzTarPerm modified mode [ 'examples/replicasets/replica-sets.js', 436, 420 ]
238 silly gunzTarPerm extractEntry examples/schema/schema.js
239 silly gunzTarPerm modified mode [ 'examples/schema/schema.js', 436, 420 ]
240 silly gunzTarPerm extractEntry examples/schema/storing-schemas-as-json/index.js
241 silly gunzTarPerm modified mode [ 'examples/schema/storing-schemas-as-json/index.js', 436, 420 ]
242 silly gunzTarPerm extractEntry examples/schema/storing-schemas-as-json/schema.json
243 silly gunzTarPerm modified mode [ 'examples/schema/storing-schemas-as-json/schema.json',
243 silly gunzTarPerm   436,
243 silly gunzTarPerm   420 ]
244 silly gunzTarPerm extractEntry examples/mapreduce/package.json
245 silly gunzTarPerm modified mode [ 'examples/mapreduce/package.json', 436, 420 ]
246 silly gunzTarPerm extractEntry examples/mapreduce/mapreduce.js
247 silly gunzTarPerm modified mode [ 'examples/mapreduce/mapreduce.js', 436, 420 ]
248 silly gunzTarPerm extractEntry examples/mapreduce/person.js
249 silly gunzTarPerm modified mode [ 'examples/mapreduce/person.js', 436, 420 ]
250 silly gunzTarPerm extractEntry .travis.yml
251 silly gunzTarPerm modified mode [ '.travis.yml', 436, 420 ]
252 silly gunzTarPerm extractEntry lib/ES6Promise.js
253 silly gunzTarPerm modified mode [ 'lib/ES6Promise.js', 436, 420 ]
254 silly gunzTarPerm extractEntry lib/document.js
255 silly gunzTarPerm modified mode [ 'lib/document.js', 436, 420 ]
256 silly gunzTarPerm extractEntry lib/document_provider.js
257 silly gunzTarPerm modified mode [ 'lib/document_provider.js', 436, 420 ]
258 silly gunzTarPerm extractEntry lib/utils.js
259 silly gunzTarPerm modified mode [ 'lib/utils.js', 436, 420 ]
260 silly gunzTarPerm extractEntry lib/statemachine.js
261 silly gunzTarPerm modified mode [ 'lib/statemachine.js', 436, 420 ]
262 silly gunzTarPerm extractEntry lib/connectionstate.js
263 silly gunzTarPerm modified mode [ 'lib/connectionstate.js', 436, 420 ]
264 silly gunzTarPerm extractEntry lib/index.js
265 silly gunzTarPerm modified mode [ 'lib/index.js', 436, 420 ]
266 silly gunzTarPerm extractEntry lib/aggregate.js
267 silly gunzTarPerm modified mode [ 'lib/aggregate.js', 436, 420 ]
268 silly gunzTarPerm extractEntry lib/model.js
269 silly gunzTarPerm modified mode [ 'lib/model.js', 436, 420 ]
270 silly gunzTarPerm extractEntry lib/promise.js
271 silly gunzTarPerm modified mode [ 'lib/promise.js', 436, 420 ]
272 silly gunzTarPerm extractEntry lib/promise_provider.js
273 silly gunzTarPerm modified mode [ 'lib/promise_provider.js', 436, 420 ]
274 silly gunzTarPerm extractEntry lib/connection.js
275 silly gunzTarPerm modified mode [ 'lib/connection.js', 436, 420 ]
276 silly gunzTarPerm extractEntry lib/query.js
277 silly gunzTarPerm modified mode [ 'lib/query.js', 436, 420 ]
278 silly gunzTarPerm extractEntry lib/collection.js
279 silly gunzTarPerm modified mode [ 'lib/collection.js', 436, 420 ]
280 silly gunzTarPerm extractEntry lib/queryhelpers.js
281 silly gunzTarPerm modified mode [ 'lib/queryhelpers.js', 436, 420 ]
282 silly gunzTarPerm extractEntry lib/cast.js
283 silly gunzTarPerm modified mode [ 'lib/cast.js', 436, 420 ]
284 silly gunzTarPerm extractEntry lib/querystream.js
285 silly gunzTarPerm modified mode [ 'lib/querystream.js', 436, 420 ]
286 silly gunzTarPerm extractEntry lib/browserDocument.js
287 silly gunzTarPerm modified mode [ 'lib/browserDocument.js', 436, 420 ]
288 silly gunzTarPerm extractEntry lib/schematype.js
289 silly gunzTarPerm modified mode [ 'lib/schematype.js', 436, 420 ]
290 silly gunzTarPerm extractEntry lib/browser.js
291 silly gunzTarPerm modified mode [ 'lib/browser.js', 436, 420 ]
292 silly gunzTarPerm extractEntry lib/schema.js
293 silly gunzTarPerm modified mode [ 'lib/schema.js', 436, 420 ]
294 silly gunzTarPerm extractEntry lib/error.js
295 silly gunzTarPerm modified mode [ 'lib/error.js', 436, 420 ]
296 silly gunzTarPerm extractEntry lib/virtualtype.js
297 silly gunzTarPerm modified mode [ 'lib/virtualtype.js', 436, 420 ]
298 silly gunzTarPerm extractEntry lib/internal.js
299 silly gunzTarPerm modified mode [ 'lib/internal.js', 436, 420 ]
300 silly gunzTarPerm extractEntry lib/schema/array.js
301 silly gunzTarPerm modified mode [ 'lib/schema/array.js', 436, 420 ]
302 silly gunzTarPerm extractEntry lib/schema/buffer.js
303 silly gunzTarPerm modified mode [ 'lib/schema/buffer.js', 436, 420 ]
304 silly gunzTarPerm extractEntry lib/schema/date.js
305 silly gunzTarPerm modified mode [ 'lib/schema/date.js', 436, 420 ]
306 silly gunzTarPerm extractEntry lib/schema/documentarray.js
307 silly gunzTarPerm modified mode [ 'lib/schema/documentarray.js', 436, 420 ]
308 silly gunzTarPerm extractEntry lib/schema/boolean.js
309 silly gunzTarPerm modified mode [ 'lib/schema/boolean.js', 436, 420 ]
310 silly gunzTarPerm extractEntry lib/schema/index.js
311 silly gunzTarPerm modified mode [ 'lib/schema/index.js', 436, 420 ]
312 silly gunzTarPerm extractEntry lib/schema/mixed.js
313 silly gunzTarPerm modified mode [ 'lib/schema/mixed.js', 436, 420 ]
314 silly gunzTarPerm extractEntry lib/schema/number.js
315 silly gunzTarPerm modified mode [ 'lib/schema/number.js', 436, 420 ]
316 silly gunzTarPerm extractEntry lib/schema/objectid.js
317 silly gunzTarPerm modified mode [ 'lib/schema/objectid.js', 436, 420 ]
318 silly gunzTarPerm extractEntry lib/schema/string.js
319 silly gunzTarPerm modified mode [ 'lib/schema/string.js', 436, 420 ]
320 silly gunzTarPerm extractEntry lib/schema/embedded.js
321 silly gunzTarPerm modified mode [ 'lib/schema/embedded.js', 436, 420 ]
322 silly gunzTarPerm extractEntry lib/services/updateValidators.js
323 silly gunzTarPerm modified mode [ 'lib/services/updateValidators.js', 436, 420 ]
324 silly gunzTarPerm extractEntry lib/error/browserMissingSchema.js
325 silly gunzTarPerm modified mode [ 'lib/error/browserMissingSchema.js', 436, 420 ]
326 silly gunzTarPerm extractEntry lib/error/cast.js
327 silly gunzTarPerm modified mode [ 'lib/error/cast.js', 436, 420 ]
328 silly gunzTarPerm extractEntry lib/error/divergentArray.js
329 silly gunzTarPerm modified mode [ 'lib/error/divergentArray.js', 436, 420 ]
330 silly gunzTarPerm extractEntry lib/error/messages.js
331 silly gunzTarPerm modified mode [ 'lib/error/messages.js', 436, 420 ]
332 silly gunzTarPerm extractEntry lib/error/missingSchema.js
333 silly gunzTarPerm modified mode [ 'lib/error/missingSchema.js', 436, 420 ]
334 silly gunzTarPerm extractEntry lib/error/overwriteModel.js
335 silly gunzTarPerm modified mode [ 'lib/error/overwriteModel.js', 436, 420 ]
336 silly gunzTarPerm extractEntry lib/error/validation.js
337 silly gunzTarPerm modified mode [ 'lib/error/validation.js', 436, 420 ]
338 silly gunzTarPerm extractEntry lib/error/validator.js
339 silly gunzTarPerm modified mode [ 'lib/error/validator.js', 436, 420 ]
340 silly gunzTarPerm extractEntry lib/error/version.js
341 silly gunzTarPerm modified mode [ 'lib/error/version.js', 436, 420 ]
342 silly gunzTarPerm extractEntry lib/types/array.js
343 silly gunzTarPerm modified mode [ 'lib/types/array.js', 436, 420 ]
344 silly gunzTarPerm extractEntry lib/types/buffer.js
345 silly gunzTarPerm modified mode [ 'lib/types/buffer.js', 436, 420 ]
346 silly gunzTarPerm extractEntry lib/types/documentarray.js
347 silly gunzTarPerm modified mode [ 'lib/types/documentarray.js', 436, 420 ]
348 silly gunzTarPerm extractEntry lib/types/embedded.js
349 silly gunzTarPerm modified mode [ 'lib/types/embedded.js', 436, 420 ]
350 silly gunzTarPerm extractEntry lib/types/index.js
351 silly gunzTarPerm modified mode [ 'lib/types/index.js', 436, 420 ]
352 silly gunzTarPerm extractEntry lib/types/objectid.js
353 silly gunzTarPerm modified mode [ 'lib/types/objectid.js', 436, 420 ]
354 silly gunzTarPerm extractEntry lib/types/subdocument.js
355 silly gunzTarPerm modified mode [ 'lib/types/subdocument.js', 436, 420 ]
356 silly gunzTarPerm extractEntry lib/drivers/index.js
357 silly gunzTarPerm modified mode [ 'lib/drivers/index.js', 436, 420 ]
358 silly gunzTarPerm extractEntry lib/drivers/SPEC.md
359 silly gunzTarPerm modified mode [ 'lib/drivers/SPEC.md', 436, 420 ]
360 silly gunzTarPerm extractEntry lib/drivers/browser/ReadPreference.js
361 silly gunzTarPerm modified mode [ 'lib/drivers/browser/ReadPreference.js', 436, 420 ]
362 silly gunzTarPerm extractEntry lib/drivers/browser/binary.js
363 silly gunzTarPerm modified mode [ 'lib/drivers/browser/binary.js', 436, 420 ]
364 silly gunzTarPerm extractEntry lib/drivers/browser/index.js
365 silly gunzTarPerm modified mode [ 'lib/drivers/browser/index.js', 436, 420 ]
366 silly gunzTarPerm extractEntry lib/drivers/browser/objectid.js
367 silly gunzTarPerm modified mode [ 'lib/drivers/browser/objectid.js', 436, 420 ]
368 silly gunzTarPerm extractEntry lib/drivers/node-mongodb-native/ReadPreference.js
369 silly gunzTarPerm modified mode [ 'lib/drivers/node-mongodb-native/ReadPreference.js', 436, 420 ]
370 silly gunzTarPerm extractEntry lib/drivers/node-mongodb-native/binary.js
371 silly gunzTarPerm modified mode [ 'lib/drivers/node-mongodb-native/binary.js', 436, 420 ]
372 silly gunzTarPerm extractEntry lib/drivers/node-mongodb-native/collection.js
373 silly gunzTarPerm modified mode [ 'lib/drivers/node-mongodb-native/collection.js', 436, 420 ]
374 silly gunzTarPerm extractEntry lib/drivers/node-mongodb-native/connection.js
375 silly gunzTarPerm modified mode [ 'lib/drivers/node-mongodb-native/connection.js', 436, 420 ]
376 silly gunzTarPerm extractEntry lib/drivers/node-mongodb-native/index.js
377 silly gunzTarPerm modified mode [ 'lib/drivers/node-mongodb-native/index.js', 436, 420 ]
378 silly gunzTarPerm extractEntry lib/drivers/node-mongodb-native/objectid.js
379 silly gunzTarPerm modified mode [ 'lib/drivers/node-mongodb-native/objectid.js', 436, 420 ]
380 silly gunzTarPerm extractEntry CONTRIBUTING.md
381 silly gunzTarPerm modified mode [ 'CONTRIBUTING.md', 436, 420 ]
382 silly gunzTarPerm extractEntry release-items.md
383 silly gunzTarPerm modified mode [ 'release-items.md', 436, 420 ]
384 silly gunzTarPerm extractEntry History.md
385 silly gunzTarPerm modified mode [ 'History.md', 436, 420 ]
386 silly doParallel preinstall 2
387 silly preinstall async@0.9.0 /Users/Thomas/jjtc/node_modules/.staging/async-9effcb012412b53621bb51f8a1302ca5
388 info lifecycle async@0.9.0~preinstall: async@0.9.0
389 silly preinstall mongoose@4.2.8 /Users/Thomas/jjtc/node_modules/.staging/mongoose-d785bd4f64141fbce1ae36565acdd36f
390 info lifecycle mongoose@4.2.8~preinstall: mongoose@4.2.8
391 silly lifecycle async@0.9.0~preinstall: no script for preinstall, continuing
392 silly lifecycle mongoose@4.2.8~preinstall: no script for preinstall, continuing
393 silly doReverseSerial remove 0
394 silly doSerial move 0
395 silly doSerial finalize 2
396 silly finalize /Users/Thomas/jjtc/node_modules/mongoose/node_modules/async
397 silly finalize /Users/Thomas/jjtc/node_modules/mongoose
398 verbose unlock done using /Users/Thomas/.npm/_locks/staging-674d9e332ca85a84.lock for /Users/Thomas/jjtc/node_modules/.staging
399 silly rollbackFailedOptional Starting
400 silly rollbackFailedOptional Finishing
401 silly runTopLevelLifecycles Starting
402 silly runTopLevelLifecycles Finishing
403 silly install printInstalled
404 verbose stack Error: ENOTEMPTY: directory not empty, rename '/Users/Thomas/jjtc/node_modules/mongoose' -> '/Users/Thomas/jjtc/node_modules/.mongoose.DELETE'
404 verbose stack     at Error (native)
405 verbose cwd /Users/Thomas/jjtc
406 error Darwin 14.5.0
407 error argv "/usr/local/Cellar/node/5.1.0/bin/node" "/usr/local/bin/npm" "install" "--save" "mongoose"
408 error node v5.1.0
409 error npm  v3.3.12
410 error path /Users/Thomas/jjtc/node_modules/mongoose
411 error code ENOTEMPTY
412 error errno -66
413 error syscall rename
414 error ENOTEMPTY: directory not empty, rename '/Users/Thomas/jjtc/node_modules/mongoose' -> '/Users/Thomas/jjtc/node_modules/.mongoose.DELETE'
415 error If you need help, you may report this error at:
415 error     <https://github.com/npm/npm/issues>
416 verbose exit [ -66, true ]
